<?xml version="1.0" encoding="UTF-8"?>
<!-- Generated by org.testng.reporters.JUnitReportReporter -->
<testsuite skipped="2" hostname="LAPTOP-F1PFHLE7" name="com.test.java.AutomateGet" tests="3" failures="0" timestamp="2022-10-10T14:43:39 IST" time="4.397" errors="0">
  <testcase name="m3" time="4.397" classname="com.test.java.AutomateGet"/>
  <system-out/>
  <testcase name="f" classname="com.test.java.AutomateGet">
    <skipped/>
  </testcase> <!-- f -->
  <system-out/>
  <testcase name="validateResponseBody" classname="com.test.java.AutomateGet">
    <skipped/>
  </testcase> <!-- validateResponseBody -->
  <system-out/>
</testsuite> <!-- com.test.java.AutomateGet -->
