<?xml version="1.0" encoding="UTF-8"?>
<!-- Generated by org.testng.reporters.JUnitReportReporter -->
<testsuite skipped="0" hostname="LAPTOP-F1PFHLE7" name="com.test.java.RestTest" tests="1" failures="0" timestamp="2022-10-10T13:51:35 IST" time="4.733" errors="0">
  <testcase name="test" time="4.733" classname="com.test.java.RestTest"/>
  <system-out/>
</testsuite> <!-- com.test.java.RestTest -->
