<?xml version="1.0" encoding="UTF-8"?>
<!-- Generated by org.testng.reporters.JUnitReportReporter -->
<testsuite skipped="0" hostname="LAPTOP-F1PFHLE7" name="com.test.java.Static" tests="1" failures="0" timestamp="2022-10-10T13:54:10 IST" time="4.892" errors="0">
  <testcase name="m1" time="4.892" classname="com.test.java.Static"/>
  <system-out/>
</testsuite> <!-- com.test.java.Static -->
