<?xml version="1.0" encoding="UTF-8"?>
<!-- Generated by org.testng.reporters.JUnitReportReporter -->
<testsuite skipped="0" hostname="LAPTOP-F1PFHLE7" name="com.rest.validations.JSONOBJECT" tests="2" failures="0" timestamp="2022-11-22T16:33:04 IST" time="4.124" errors="0">
  <testcase name="serialize_json_using_jackson" time="3.435" classname="com.rest.validations.JSONOBJECT"/>
  <system-out/>
  <testcase name="beforeClass" time="0.689" classname="com.rest.validations.JSONOBJECT"/>
  <system-out/>
</testsuite> <!-- com.rest.validations.JSONOBJECT -->
