<?xml version="1.0" encoding="UTF-8"?>
<!-- Generated by org.testng.reporters.JUnitReportReporter -->
<testsuite skipped="0" hostname="LAPTOP-F1PFHLE7" name="com.rest.validations.UPloadFileAndDownloadFile" tests="1" failures="0" timestamp="2022-11-21T20:46:48 IST" time="4.213" errors="0">
  <testcase name="download_file" time="4.213" classname="com.rest.validations.UPloadFileAndDownloadFile"/>
  <system-out/>
</testsuite> <!-- com.rest.validations.UPloadFileAndDownloadFile -->
