<?xml version="1.0" encoding="UTF-8"?>
<!-- Generated by org.testng.reporters.JUnitReportReporter -->
<testsuite skipped="1" hostname="LAPTOP-F1PFHLE7" name="com.rest.validations.RequestSpecification1" tests="3" failures="0" timestamp="2022-11-14T23:12:26 IST" time="3.738" errors="0">
  <testcase name="validate_StatusCode" time="0.650" classname="com.rest.validations.RequestSpecification1"/>
  <system-out/>
  <testcase name="m3" time="3.088" classname="com.rest.validations.RequestSpecification1"/>
  <system-out/>
  <testcase name="m2" classname="com.rest.validations.RequestSpecification1">
    <skipped/>
  </testcase> <!-- m2 -->
  <system-out/>
</testsuite> <!-- com.rest.validations.RequestSpecification1 -->
