<?xml version="1.0" encoding="UTF-8"?>
<!-- Generated by org.testng.reporters.JUnitReportReporter -->
<testsuite skipped="0" hostname="LAPTOP-F1PFHLE7" name="com.rest.validations.Testing" tests="2" failures="0" timestamp="2022-11-22T15:58:29 IST" time="4.668" errors="0">
  <testcase name="beforeClass" time="0.659" classname="com.rest.validations.Testing"/>
  <system-out/>
  <testcase name="validate_post_map" time="4.009" classname="com.rest.validations.Testing"/>
  <system-out/>
</testsuite> <!-- com.rest.validations.Testing -->
