<?xml version="1.0" encoding="UTF-8"?>
<!-- Generated by org.testng.reporters.JUnitReportReporter -->
<testsuite skipped="0" hostname="LAPTOP-F1PFHLE7" name="com.rest.validations.JacksonApi_JsonObject" tests="2" failures="0" timestamp="2022-11-22T15:57:48 IST" time="4.996" errors="0">
  <testcase name="beforeClass" time="0.646" classname="com.rest.validations.JacksonApi_JsonObject"/>
  <system-out/>
  <testcase name="validatepostmap" time="4.350" classname="com.rest.validations.JacksonApi_JsonObject"/>
  <system-out/>
</testsuite> <!-- com.rest.validations.JacksonApi_JsonObject -->
