<?xml version="1.0" encoding="UTF-8"?>
<!-- Generated by org.testng.reporters.JUnitReportReporter -->
<testsuite skipped="0" hostname="LAPTOP-F1PFHLE7" name="com.rest.validations.AutomatePostUsingHashMap" tests="1" failures="0" timestamp="2022-11-11T00:06:00 IST" time="4.513" errors="0">
  <testcase name="m1" time="4.513" classname="com.rest.validations.AutomatePostUsingHashMap"/>
  <system-out/>
</testsuite> <!-- com.rest.validations.AutomatePostUsingHashMap -->
