<?xml version="1.0" encoding="UTF-8"?>
<!-- Generated by org.testng.reporters.JUnitReportReporter -->
<testsuite skipped="0" hostname="LAPTOP-F1PFHLE7" name="com.test.java.hamcrest_assert_on_extracted_response" tests="1" failures="0" timestamp="2022-10-11T21:50:53 IST" time="4.427" errors="0">
  <testcase name="Hamcrest_assert_on_extracted_response2" time="4.427" classname="com.test.java.hamcrest_assert_on_extracted_response"/>
  <system-out/>
</testsuite> <!-- com.test.java.hamcrest_assert_on_extracted_response -->
