<?xml version="1.0" encoding="UTF-8"?>
<!-- Generated by org.testng.reporters.JUnitReportReporter -->
<testsuite skipped="0" hostname="LAPTOP-F1PFHLE7" name="com.rest.validations.UploadFile" tests="1" failures="0" timestamp="2022-11-21T20:51:03 IST" time="3.772" errors="0">
  <testcase name="UploadFile_MaltiPart_Method" time="3.772" classname="com.rest.validations.UploadFile"/>
  <system-out/>
</testsuite> <!-- com.rest.validations.UploadFile -->
