<?xml version="1.0" encoding="UTF-8"?>
<!-- Generated by org.testng.reporters.JUnitReportReporter -->
<testsuite skipped="1" hostname="LAPTOP-F1PFHLE7" name="Filters" tests="2" failures="0" timestamp="2022-11-21T22:48:00 IST" time="3.007" errors="0">
  <testcase name="LoggingFilter1" time="3.007" classname="Filters"/>
  <system-out/>
  <testcase name="loggingFilter" classname="Filters">
    <skipped/>
  </testcase> <!-- loggingFilter -->
  <system-out/>
</testsuite> <!-- Filters -->
